<?xml version="1.0" encoding="UTF-8"?>
<!-- Generated by org.testng.reporters.JUnitXMLReporter -->
<testsuite ignored="1" hostname="Santhosh" failures="0" tests="4" name="Test" time="124.958" errors="0" timestamp="2024-05-13T17:34:28 CDT">
  <testcase classname="tests.selectUsermenuForUsernameDropdown" name="verifyUserMenuDropDown_TC05" time="8.445"/>
  <testcase classname="tests.selectUsermenuForUsernameDropdown" name="verifyLogoutOptionFromUsermenu_TC09" time="8.883"/>
  <testcase classname="tests.selectUsermenuForUsernameDropdown" name="verifyDeveloperConsoleOptionFromUserMenu_TC08" time="9.998"/>
  <testcase classname="tests.selectUsermenuForUsernameDropdown" name="verifyMySettingsUsermenuOptions_TC07" time="122.57"/>
  <testcase classname="tests.selectUsermenuForUsernameDropdown" name="verifyMyProfileOptionFromUsermenu_TC06" time="0.0">
    <ignored/>
  </testcase> <!-- verifyMyProfileOptionFromUsermenu_TC06 -->
</testsuite> <!-- Test -->
